<?xml version="1.0" encoding="UTF-8"?>
<!-- Generated by org.testng.reporters.JUnitReportReporter -->
<testsuite hostname="DESKTOP-4CMAMAA" failures="0" tests="2" name="sampleone.selenium" time="0.017" errors="0" timestamp="2024-09-13T18:02:24 IST" skipped="0">
  <testcase classname="sampleone.selenium" name="testng" time="0.013"/>
  <testcase classname="sampleone.selenium" name="cucumber" time="0.004"/>
</testsuite> <!-- sampleone.selenium -->
