<?xml version="1.0" encoding="UTF-8"?>
<!-- Generated by org.testng.reporters.JUnitReportReporter -->
<testsuite hostname="DESKTOP-4CMAMAA" failures="0" tests="2" name="sampleone.selenium" time="0.012" errors="0" timestamp="2024-09-13T17:39:31 IST" skipped="0">
  <testcase classname="sampleone.selenium" name="testng" time="0.005"/>
  <testcase classname="sampleone.selenium" name="cucumber" time="0.007"/>
</testsuite> <!-- sampleone.selenium -->
