<?xml version="1.0" encoding="UTF-8"?>
<!-- Generated by org.testng.reporters.JUnitReportReporter -->
<testsuite hostname="DESKTOP-4CMAMAA" failures="0" tests="2" name="sampleone.Appium" time="0.023" errors="0" timestamp="2024-09-13T17:39:31 IST" skipped="0">
  <testcase classname="sampleone.Appium" name="mtest" time="0.009"/>
  <testcase classname="sampleone.Appium" name="appium" time="0.014"/>
</testsuite> <!-- sampleone.Appium -->
